[26-Mar-2019 22:27:54 UTC] PHP Fatal error:  Uncaught exception 'PDOException' with message 'SQLSTATE[HY093]: Invalid parameter number: number of bound variables does not match number of tokens' in /home/ubuntu/workspace/Lab06/api/getSearchResults.php:32
Stack trace:
#0 /home/ubuntu/workspace/Lab06/api/getSearchResults.php(32): PDOStatement->execute(Array)
#1 {main}
  thrown in /home/ubuntu/workspace/Lab06/api/getSearchResults.php on line 32
[26-Mar-2019 22:28:37 UTC] PHP Fatal error:  Uncaught exception 'PDOException' with message 'SQLSTATE[HY093]: Invalid parameter number: number of bound variables does not match number of tokens' in /home/ubuntu/workspace/Lab06/api/getSearchResults.php:32
Stack trace:
#0 /home/ubuntu/workspace/Lab06/api/getSearchResults.php(32): PDOStatement->execute(Array)
#1 {main}
  thrown in /home/ubuntu/workspace/Lab06/api/getSearchResults.php on line 32
[26-Mar-2019 22:29:16 UTC] PHP Fatal error:  Uncaught exception 'PDOException' with message 'SQLSTATE[HY093]: Invalid parameter number: number of bound variables does not match number of tokens' in /home/ubuntu/workspace/Lab06/api/getSearchResults.php:32
Stack trace:
#0 /home/ubuntu/workspace/Lab06/api/getSearchResults.php(32): PDOStatement->execute(Array)
#1 {main}
  thrown in /home/ubuntu/workspace/Lab06/api/getSearchResults.php on line 32
[27-Mar-2019 00:47:48 UTC] PHP Fatal error:  Uncaught exception 'PDOException' with message 'SQLSTATE[42S02]: Base table or view not found: 1146 Table 'ottermart.om_purchases' doesn't exist' in /home/ubuntu/workspace/Lab06/api/getPurchaseHistory.php:15
Stack trace:
#0 /home/ubuntu/workspace/Lab06/api/getPurchaseHistory.php(15): PDOStatement->execute(Array)
#1 {main}
  thrown in /home/ubuntu/workspace/Lab06/api/getPurchaseHistory.php on line 15
[27-Mar-2019 00:47:51 UTC] PHP Fatal error:  Uncaught exception 'PDOException' with message 'SQLSTATE[42S02]: Base table or view not found: 1146 Table 'ottermart.om_purchases' doesn't exist' in /home/ubuntu/workspace/Lab06/api/getPurchaseHistory.php:15
Stack trace:
#0 /home/ubuntu/workspace/Lab06/api/getPurchaseHistory.php(15): PDOStatement->execute(Array)
#1 {main}
  thrown in /home/ubuntu/workspace/Lab06/api/getPurchaseHistory.php on line 15
[27-Mar-2019 04:32:24 UTC] PHP Fatal error:  Uncaught exception 'PDOException' with message 'SQLSTATE[42S02]: Base table or view not found: 1146 Table 'ottermart.om_purchases' doesn't exist' in /home/ubuntu/workspace/Lab06/api/getPurchaseHistory.php:15
Stack trace:
#0 /home/ubuntu/workspace/Lab06/api/getPurchaseHistory.php(15): PDOStatement->execute(Array)
#1 {main}
  thrown in /home/ubuntu/workspace/Lab06/api/getPurchaseHistory.php on line 15
[27-Mar-2019 04:34:05 UTC] PHP Fatal error:  Uncaught exception 'PDOException' with message 'SQLSTATE[42S02]: Base table or view not found: 1146 Table 'ottermart.om_purchases' doesn't exist' in /home/ubuntu/workspace/Lab06/api/getPurchaseHistory.php:15
Stack trace:
#0 /home/ubuntu/workspace/Lab06/api/getPurchaseHistory.php(15): PDOStatement->execute(Array)
#1 {main}
  thrown in /home/ubuntu/workspace/Lab06/api/getPurchaseHistory.php on line 15
